c:\users\victorhs\desktop\bwapi-master\bwapi-master\release_binary\exampleaimodule\release\vc120.pdb
c:\users\victorhs\desktop\bwapi-master\bwapi-master\release_binary\exampleaimodule\release\exampleaimodule.lib
c:\users\victorhs\desktop\bwapi-master\bwapi-master\release_binary\exampleaimodule\release\exampleaimodule.exp
c:\users\victorhs\desktop\bwapi-master\bwapi-master\release_binary\release\exampleaimodule.dll
c:\users\victorhs\desktop\bwapi-master\bwapi-master\release_binary\release\exampleaimodule.pdb
c:\users\victorhs\desktop\bwapi-master\bwapi-master\release_binary\exampleaimodule\release\exampleaimodule.res
c:\users\victorhs\desktop\bwapi-master\bwapi-master\release_binary\exampleaimodule\release\exampleaimodule.vcxprojresolveassemblyreference.cache
c:\users\victorhs\desktop\bwapi-master\bwapi-master\release_binary\exampleaimodule\release\dll.obj
c:\users\victorhs\desktop\bwapi-master\bwapi-master\release_binary\exampleaimodule\release\reinforcementlearning.obj
c:\users\victorhs\desktop\bwapi-master\bwapi-master\release_binary\exampleaimodule\release\rlaimodule.obj
c:\users\victorhs\desktop\bwapi-master\bwapi-master\release_binary\exampleaimodule\release\exampleaimodule.tlog\cl.command.1.tlog
c:\users\victorhs\desktop\bwapi-master\bwapi-master\release_binary\exampleaimodule\release\exampleaimodule.tlog\cl.read.1.tlog
c:\users\victorhs\desktop\bwapi-master\bwapi-master\release_binary\exampleaimodule\release\exampleaimodule.tlog\cl.write.1.tlog
c:\users\victorhs\desktop\bwapi-master\bwapi-master\release_binary\exampleaimodule\release\exampleaimodule.tlog\exampleaimodule.write.1u.tlog
c:\users\victorhs\desktop\bwapi-master\bwapi-master\release_binary\exampleaimodule\release\exampleaimodule.tlog\link.command.1.tlog
c:\users\victorhs\desktop\bwapi-master\bwapi-master\release_binary\exampleaimodule\release\exampleaimodule.tlog\link.read.1.tlog
c:\users\victorhs\desktop\bwapi-master\bwapi-master\release_binary\exampleaimodule\release\exampleaimodule.tlog\link.write.1.tlog
c:\users\victorhs\desktop\bwapi-master\bwapi-master\release_binary\exampleaimodule\release\exampleaimodule.tlog\rc.command.1.tlog
c:\users\victorhs\desktop\bwapi-master\bwapi-master\release_binary\exampleaimodule\release\exampleaimodule.tlog\rc.read.1.tlog
c:\users\victorhs\desktop\bwapi-master\bwapi-master\release_binary\exampleaimodule\release\exampleaimodule.tlog\rc.write.1.tlog
