c:\users\bruno luno\documents\projeto\aiclient\debug\aiclient.obj
c:\users\bruno luno\documents\projeto\aiclient\debug\enemieshealth.obj
c:\users\bruno luno\documents\projeto\aiclient\debug\reatreat.obj
c:\users\bruno luno\documents\projeto\aiclient\debug\actionimp.obj
c:\users\bruno luno\documents\projeto\aiclient\debug\fight.obj
c:\users\bruno luno\documents\projeto\aiclient\debug\filewriter.obj
c:\users\bruno luno\documents\projeto\aiclient\debug\source.obj
c:\users\bruno luno\documents\projeto\aiclient\debug\exploreragent.obj
c:\users\bruno luno\documents\projeto\aiclient\debug\filereader.obj
c:\users\bruno luno\documents\projeto\aiclient\debug\reinforcementlearning.obj
c:\users\bruno luno\documents\projeto\aiclient\debug\vc120.pdb
c:\users\bruno luno\documents\projeto\debug\aiclient.ilk
c:\users\bruno luno\documents\projeto\debug\aiclient.exe
c:\users\bruno luno\documents\projeto\debug\aiclient.pdb
c:\users\bruno luno\documents\projeto\aiclient\debug\aiclient.tlog\cl.command.1.tlog
c:\users\bruno luno\documents\projeto\aiclient\debug\aiclient.tlog\cl.read.1.tlog
c:\users\bruno luno\documents\projeto\aiclient\debug\aiclient.tlog\cl.write.1.tlog
c:\users\bruno luno\documents\projeto\aiclient\debug\aiclient.tlog\link.command.1.tlog
c:\users\bruno luno\documents\projeto\aiclient\debug\aiclient.tlog\link.read.1.tlog
c:\users\bruno luno\documents\projeto\aiclient\debug\aiclient.tlog\link.write.1.tlog
