Build started 03/05/2017 22:19:50.
     1>Project "E:\Documentos\projeto\AIClient\AIClient.vcxproj" on node 2 (Build target(s)).
     1>ClCompile:
         C:\Program Files (x86)\Microsoft Visual Studio 12.0\VC\bin\CL.exe /c /I../include /I"/I[C:\Users\VictorHS\Desktop\bwapi-master\bwapi-master\Release_Binary\include]" /Zi /nologo /W3 /WX- /MP /O2 /Oi /Oy- /GL /D NOMINMAX /D WIN32 /D NDEBUG /D _CONSOLE /Gm- /EHsc /MD /GS /Gy /fp:precise /Zc:wchar_t /Zc:forScope /Fo"Release\\" /Fd"Release\vc120.pdb" /Gd /TP /analyze- /errorReport:prompt Source\AIClient.cpp
         AIClient.cpp
     1>e:\documentos\projeto\include\rl\Math.h(34): warning C4005: 'NOMINMAX' : macro redefinition
                 command-line arguments :  see previous definition of 'NOMINMAX'
       Link:
         C:\Program Files (x86)\Microsoft Visual Studio 12.0\VC\bin\link.exe /ERRORREPORT:PROMPT /OUT:"E:\Documentos\projeto\Release\AIClient.exe" /INCREMENTAL:NO /NOLOGO E:\Documentos\projeto\\lib\BWAPI.lib E:\Documentos\projeto\\lib\BWAPIClient.lib kernel32.lib user32.lib gdi32.lib winspool.lib comdlg32.lib advapi32.lib shell32.lib ole32.lib oleaut32.lib uuid.lib odbc32.lib odbccp32.lib /MANIFEST /MANIFESTUAC:"level='asInvoker' uiAccess='false'" /manifest:embed /DEBUG /PDB:"E:\Documentos\projeto\Release\AIClient.pdb" /SUBSYSTEM:CONSOLE /OPT:REF /OPT:ICF /LTCG /TLBID:1 /DYNAMICBASE /NXCOMPAT /IMPLIB:"E:\Documentos\projeto\Release\AIClient.lib" /MACHINE:X86 /SAFESEH Release\Source.obj
         Release\ActionImp.obj
         Release\EnemiesHealth.obj
         Release\AIClient.obj
         Release\ExplorerAgent.obj
         Release\Fight.obj
         Release\FileReader.obj
         Release\FileWriter.obj
         Release\Reatreat.obj
         Release\ReinforcementLearning.obj
         Generating code
         Finished generating code
         AIClient.vcxproj -> E:\Documentos\projeto\Release\AIClient.exe
     1>Done Building Project "E:\Documentos\projeto\AIClient\AIClient.vcxproj" (Build target(s)).

Build succeeded.

Time Elapsed 00:00:21.51
